<?xml version="1.0" encoding="UTF-8"?>
<testng-results ignored="0" total="1" passed="1" failed="0" skipped="0">
  <reporter-output>
  </reporter-output>
  <suite started-at="2019-03-20T10:37:32Z" name="Default suite" finished-at="2019-03-20T10:38:12Z" duration-ms="40093">
    <groups>
    </groups>
    <test started-at="2019-03-20T10:37:32Z" name="Default test" finished-at="2019-03-20T10:38:12Z" duration-ms="40093">
      <class name="com.training.sanity.tests.RETC032test">
        <test-method is-config="true" signature="setUpBeforeClass()[pri:0, instance:com.training.sanity.tests.RETC032test@a1cdc6d]" started-at="2019-03-20T10:37:32Z" name="setUpBeforeClass" finished-at="2019-03-20T10:37:32Z" duration-ms="10" status="PASS">
          <reporter-output>
          </reporter-output>
        </test-method> <!-- setUpBeforeClass -->
        <test-method is-config="true" signature="setUp()[pri:0, instance:com.training.sanity.tests.RETC032test@a1cdc6d]" started-at="2019-03-20T10:37:32Z" name="setUp" finished-at="2019-03-20T10:37:57Z" duration-ms="25376" status="PASS">
          <reporter-output>
          </reporter-output>
        </test-method> <!-- setUp -->
        <test-method signature="customerEnquiry()[pri:0, instance:com.training.sanity.tests.RETC032test@a1cdc6d]" started-at="2019-03-20T10:37:57Z" name="customerEnquiry" finished-at="2019-03-20T10:38:10Z" duration-ms="12779" status="PASS">
          <reporter-output>
          </reporter-output>
        </test-method> <!-- customerEnquiry -->
        <test-method is-config="true" signature="tearDown()[pri:0, instance:com.training.sanity.tests.RETC032test@a1cdc6d]" started-at="2019-03-20T10:38:10Z" name="tearDown" finished-at="2019-03-20T10:38:12Z" duration-ms="1916" status="PASS">
          <reporter-output>
          </reporter-output>
        </test-method> <!-- tearDown -->
      </class> <!-- com.training.sanity.tests.RETC032test -->
    </test> <!-- Default test -->
  </suite> <!-- Default suite -->
</testng-results>
